<?xml version="1.0" encoding="UTF-8"?>
<testng-results ignored="0" total="1" passed="1" failed="0" skipped="0">
  <reporter-output>
  </reporter-output>
  <suite started-at="2020-07-05T19:43:31 IST" name="Default suite" finished-at="2020-07-05T19:43:53 IST" duration-ms="22134">
    <groups>
    </groups>
    <test started-at="2020-07-05T19:43:31 IST" name="Default test" finished-at="2020-07-05T19:43:53 IST" duration-ms="22134">
      <class name="com.training.sanity.tests.MediumTC3">
        <test-method is-config="true" signature="setUpBeforeClass()[pri:0, instance:com.training.sanity.tests.MediumTC3@33afa13b]" started-at="2020-07-05T19:43:31 IST" name="setUpBeforeClass" finished-at="2020-07-05T19:43:31 IST" duration-ms="24" status="PASS">
          <reporter-output>
          </reporter-output>
        </test-method> <!-- setUpBeforeClass -->
        <test-method is-config="true" signature="setUp()[pri:0, instance:com.training.sanity.tests.MediumTC3@33afa13b]" started-at="2020-07-05T19:43:31 IST" name="setUp" finished-at="2020-07-05T19:43:42 IST" duration-ms="11727" status="PASS">
          <reporter-output>
          </reporter-output>
        </test-method> <!-- setUp -->
        <test-method signature="validLoginTest()[pri:0, instance:com.training.sanity.tests.MediumTC3@33afa13b]" started-at="2020-07-05T19:43:42 IST" name="validLoginTest" finished-at="2020-07-05T19:43:52 IST" duration-ms="9288" status="PASS">
          <reporter-output>
          </reporter-output>
        </test-method> <!-- validLoginTest -->
        <test-method is-config="true" signature="tearDown()[pri:0, instance:com.training.sanity.tests.MediumTC3@33afa13b]" started-at="2020-07-05T19:43:52 IST" name="tearDown" finished-at="2020-07-05T19:43:53 IST" duration-ms="1001" status="PASS">
          <reporter-output>
          </reporter-output>
        </test-method> <!-- tearDown -->
      </class> <!-- com.training.sanity.tests.MediumTC3 -->
    </test> <!-- Default test -->
  </suite> <!-- Default suite -->
</testng-results>
